app/build/intermediates/manifest_merge_blame_file/debug/manifest-merger-blame-debug-report.txt
1<?xml version="1.0" encoding="utf-8"?>
2<!-- BEGIN_INCLUDE(manifest) -->
3<manifest xmlns:android="http://schemas.android.com/apk/res/android"
4    package="com.google.vulkan.tutorials.four"
5    android:versionCode="1"
6    android:versionName="0.0.1" >
7
8    <uses-sdk
9        android:minSdkVersion="24"
9-->src/main/AndroidManifest.xml
10        android:targetSdkVersion="24" />
10-->src/main/AndroidManifest.xml
11
12    <application
12-->src/main/AndroidManifest.xml:8:5-24:19
13        android:debuggable="true"
14        android:label="@string/app_name"
14-->src/main/AndroidManifest.xml:8:18-50
15        android:theme="@android:style/Theme.NoTitleBar.Fullscreen" >
15-->src/main/AndroidManifest.xml:9:9-67
16
17        <!--
18             Our activity is the built-in NativeActivity framework class.
19             This will take care of integrating with our NDK code.
20        -->
21        <activity
21-->src/main/AndroidManifest.xml:13:9-23:20
22            android:name="android.app.NativeActivity"
22-->src/main/AndroidManifest.xml:13:19-60
23            android:configChanges="orientation|keyboardHidden"
23-->src/main/AndroidManifest.xml:15:17-67
24            android:label="@string/app_name" >
24-->src/main/AndroidManifest.xml:14:17-49
25
26            <!-- Tell NativeActivity the name of or .so -->
27            <meta-data
27-->src/main/AndroidManifest.xml:17:13-18:46
28                android:name="android.app.lib_name"
28-->src/main/AndroidManifest.xml:17:24-59
29                android:value="vktuts" />
29-->src/main/AndroidManifest.xml:18:21-43
30
31            <intent-filter>
31-->src/main/AndroidManifest.xml:19:13-22:29
32                <action android:name="android.intent.action.MAIN" />
32-->src/main/AndroidManifest.xml:20:17-69
32-->src/main/AndroidManifest.xml:20:25-66
33
34                <category android:name="android.intent.category.LAUNCHER" />
34-->src/main/AndroidManifest.xml:21:17-77
34-->src/main/AndroidManifest.xml:21:27-74
35            </intent-filter>
36        </activity>
37    </application>
38
39</manifest> <!-- END_INCLUDE(manifest) -->